(sensores/0/temp) -> b'34'
(sensores/8/temp) -> b'30'
(sensores/6/hum) -> b'72'
(sensores/8/hum) -> b'90'
(sensores/0/atm) -> b'866'
(sensores/1/atm) -> b'794'
(sensores/2/atm) -> b'795'
(sensores/3/atm) -> b'767'
(sensores/4/atm) -> b'737'
(sensores/5/atm) -> b'970'
(sensores/6/atm) -> b'740'
(sensores/7/atm) -> b'889'
(sensores/8/atm) -> b'836'
(sensores/9/atm) -> b'883'
(usuarios/201709161) -> b'10'
(usuarios/201709161) -> b'10'
(usuarios/201709161) -> b'10'
(usuarios/201709161) -> b'10'
(usuarios/201709161) -> b'10'
(usuarios/201709161) -> b'10'
(usuarios/201709161) -> b'10'
(usuarios/201709161) -> b'10'
(usuarios/201709161) -> b'hola vos'
(usuarios/201709161) -> b'10'
